<?xml version="1.0" encoding="UTF-8"?>
<testsuite name="ru.kinopoisk.WebTest" tests="2" skipped="0" failures="0" errors="0" timestamp="2022-09-08T14:04:25" hostname="DESKTOP-264UCIS" time="6.723">
  <properties/>
  <testcase name="Для локали EN отображается иконка" classname="ru.kinopoisk.WebTest" time="6.04"/>
  <testcase name="Для локали RU отображается иконка" classname="ru.kinopoisk.WebTest" time="0.677"/>
  <system-out><![CDATA[]]></system-out>
  <system-err><![CDATA[SLF4J: Failed to load class "org.slf4j.impl.StaticLoggerBinder".
SLF4J: Defaulting to no-operation (NOP) logger implementation
SLF4J: See http://www.slf4j.org/codes.html#StaticLoggerBinder for further details.
Starting ChromeDriver 105.0.5195.52 (412c95e518836d8a7d97250d62b29c2ae6a26a85-refs/branch-heads/5195@{#853}) on port 36668
Only local connections are allowed.
Please see https://chromedriver.chromium.org/security-considerations for suggestions on keeping ChromeDriver safe.
ChromeDriver was started successfully.
сент. 08, 2022 6:04:27 PM org.openqa.selenium.remote.ProtocolHandshake createSession
INFO: Detected dialect: W3C
]]></system-err>
</testsuite>
